<?xml version="1.0" encoding="UTF-8"?>
<testng-results skipped="0" failed="1" ignored="0" total="7" passed="6">
  <reporter-output>
  </reporter-output>
  <suite name="Suite" duration-ms="54228" started-at="2020-09-12T18:37:29 CDT" finished-at="2020-09-12T18:38:23 CDT">
    <groups>
    </groups>
    <test name="Validating sample App Text" duration-ms="9" started-at="2020-09-12T18:37:29 CDT" finished-at="2020-09-12T18:37:29 CDT">
    </test> <!-- Validating sample App Text -->
    <test name="Validating Right Nav.Bar Test" duration-ms="29080" started-at="2020-09-12T18:37:29 CDT" finished-at="2020-09-12T18:37:58 CDT">
      <class name="SaiAcademy.RightNavBarTest">
        <test-method status="PASS" signature="initialize()[pri:0, instance:SaiAcademy.RightNavBarTest@78123e82]" name="initialize" is-config="true" duration-ms="27064" started-at="2020-09-12T18:37:29 CDT" finished-at="2020-09-12T18:37:56 CDT">
          <reporter-output>
          </reporter-output>
        </test-method> <!-- initialize -->
        <test-method status="PASS" signature="basePageNavigation()[pri:0, instance:SaiAcademy.RightNavBarTest@78123e82]" name="basePageNavigation" duration-ms="308" started-at="2020-09-12T18:37:56 CDT" finished-at="2020-09-12T18:37:56 CDT">
          <reporter-output>
          </reporter-output>
        </test-method> <!-- basePageNavigation -->
        <test-method status="PASS" signature="tearDown()[pri:0, instance:SaiAcademy.RightNavBarTest@78123e82]" name="tearDown" is-config="true" duration-ms="1683" started-at="2020-09-12T18:37:56 CDT" finished-at="2020-09-12T18:37:58 CDT">
          <reporter-output>
          </reporter-output>
        </test-method> <!-- tearDown -->
      </class> <!-- SaiAcademy.RightNavBarTest -->
    </test> <!-- Validating Right Nav.Bar Test -->
    <test name="Validating title Page Text" duration-ms="33060" started-at="2020-09-12T18:37:29 CDT" finished-at="2020-09-12T18:38:02 CDT">
      <class name="SaiAcademy.TitlePageTextTest">
        <test-method status="PASS" signature="initialize()[pri:0, instance:SaiAcademy.TitlePageTextTest@1af2d44a]" name="initialize" is-config="true" duration-ms="28517" started-at="2020-09-12T18:37:29 CDT" finished-at="2020-09-12T18:37:57 CDT">
          <reporter-output>
          </reporter-output>
        </test-method> <!-- initialize -->
        <test-method status="FAIL" signature="titleCheckInLandingPage()[pri:0, instance:SaiAcademy.TitlePageTextTest@1af2d44a]" name="titleCheckInLandingPage" duration-ms="65" started-at="2020-09-12T18:37:57 CDT" finished-at="2020-09-12T18:37:57 CDT">
          <exception class="java.lang.AssertionError">
            <message>
              <![CDATA[expected [FEATURED COURSE] but found [FEATURED COURSES]]]>
            </message>
            <full-stacktrace>
              <![CDATA[java.lang.AssertionError: expected [FEATURED COURSE] but found [FEATURED COURSES]
at org.testng.Assert.fail(Assert.java:99)
at org.testng.Assert.failNotEquals(Assert.java:1037)
at org.testng.Assert.assertEqualsImpl(Assert.java:140)
at org.testng.Assert.assertEquals(Assert.java:122)
at org.testng.Assert.assertEquals(Assert.java:629)
at org.testng.Assert.assertEquals(Assert.java:639)
at SaiAcademy.TitlePageTextTest.titleCheckInLandingPage(TitlePageTextTest.java:39)
at sun.reflect.NativeMethodAccessorImpl.invoke0(Native Method)
at sun.reflect.NativeMethodAccessorImpl.invoke(NativeMethodAccessorImpl.java:62)
at sun.reflect.DelegatingMethodAccessorImpl.invoke(DelegatingMethodAccessorImpl.java:43)
at java.lang.reflect.Method.invoke(Method.java:498)
at org.testng.internal.MethodInvocationHelper.invokeMethod(MethodInvocationHelper.java:132)
at org.testng.internal.TestInvoker.invokeMethod(TestInvoker.java:599)
at org.testng.internal.TestInvoker.invokeTestMethod(TestInvoker.java:174)
at org.testng.internal.MethodRunner.runInSequence(MethodRunner.java:46)
at org.testng.internal.TestInvoker$MethodInvocationAgent.invoke(TestInvoker.java:822)
at org.testng.internal.TestInvoker.invokeTestMethods(TestInvoker.java:147)
at org.testng.internal.TestMethodWorker.invokeTestMethods(TestMethodWorker.java:146)
at org.testng.internal.TestMethodWorker.run(TestMethodWorker.java:128)
at java.util.ArrayList.forEach(ArrayList.java:1257)
at org.testng.TestRunner.privateRun(TestRunner.java:764)
at org.testng.TestRunner.run(TestRunner.java:585)
at org.testng.SuiteRunner.runTest(SuiteRunner.java:384)
at org.testng.SuiteRunner.access$000(SuiteRunner.java:28)
at org.testng.SuiteRunner$SuiteWorker.run(SuiteRunner.java:425)
at org.testng.internal.thread.ThreadUtil.lambda$execute$0(ThreadUtil.java:66)
at java.util.concurrent.FutureTask.run(FutureTask.java:266)
at java.util.concurrent.ThreadPoolExecutor.runWorker(ThreadPoolExecutor.java:1149)
at java.util.concurrent.ThreadPoolExecutor$Worker.run(ThreadPoolExecutor.java:624)
at java.lang.Thread.run(Thread.java:748)
]]>
            </full-stacktrace>
          </exception> <!-- java.lang.AssertionError -->
          <reporter-output>
          </reporter-output>
        </test-method> <!-- titleCheckInLandingPage -->
        <test-method status="PASS" signature="videoBannerHeadTextCheckInLandingPage()[pri:0, instance:SaiAcademy.TitlePageTextTest@1af2d44a]" name="videoBannerHeadTextCheckInLandingPage" duration-ms="59" started-at="2020-09-12T18:37:58 CDT" finished-at="2020-09-12T18:37:58 CDT">
          <reporter-output>
          </reporter-output>
        </test-method> <!-- videoBannerHeadTextCheckInLandingPage -->
        <test-method status="PASS" signature="videoBannerTextCheckInLandingPage()[pri:0, instance:SaiAcademy.TitlePageTextTest@1af2d44a]" name="videoBannerTextCheckInLandingPage" duration-ms="34" started-at="2020-09-12T18:37:58 CDT" finished-at="2020-09-12T18:37:58 CDT">
          <reporter-output>
          </reporter-output>
        </test-method> <!-- videoBannerTextCheckInLandingPage -->
        <test-method status="PASS" signature="tearDown()[pri:0, instance:SaiAcademy.TitlePageTextTest@1af2d44a]" name="tearDown" is-config="true" duration-ms="3284" started-at="2020-09-12T18:37:58 CDT" finished-at="2020-09-12T18:38:02 CDT">
          <reporter-output>
          </reporter-output>
        </test-method> <!-- tearDown -->
      </class> <!-- SaiAcademy.TitlePageTextTest -->
    </test> <!-- Validating title Page Text -->
    <test name="Validating Data Provider Attribute" duration-ms="54228" started-at="2020-09-12T18:37:29 CDT" finished-at="2020-09-12T18:38:23 CDT">
      <class name="SaiAcademy.HomePageTest">
        <test-method status="PASS" signature="initialize()[pri:0, instance:SaiAcademy.HomePageTest@5acf93bb]" name="initialize" is-config="true" duration-ms="4019" started-at="2020-09-12T18:37:29 CDT" finished-at="2020-09-12T18:37:33 CDT">
          <reporter-output>
          </reporter-output>
        </test-method> <!-- initialize -->
        <test-method status="PASS" signature="basePageNavigation(java.lang.String, java.lang.String, java.lang.String)[pri:0, instance:SaiAcademy.HomePageTest@5acf93bb]" name="basePageNavigation" duration-ms="35271" started-at="2020-09-12T18:37:33 CDT" data-provider="getData" finished-at="2020-09-12T18:38:08 CDT">
          <params>
            <param index="0">
              <value>
                <![CDATA[nonrestricted@user.com]]>
              </value>
            </param>
            <param index="1">
              <value>
                <![CDATA[12345]]>
              </value>
            </param>
            <param index="2">
              <value>
                <![CDATA[Non restricted user]]>
              </value>
            </param>
          </params>
          <reporter-output>
          </reporter-output>
        </test-method> <!-- basePageNavigation -->
        <test-method status="PASS" signature="basePageNavigation(java.lang.String, java.lang.String, java.lang.String)[pri:0, instance:SaiAcademy.HomePageTest@5acf93bb]" name="basePageNavigation" duration-ms="14568" started-at="2020-09-12T18:38:08 CDT" data-provider="getData" finished-at="2020-09-12T18:38:23 CDT">
          <params>
            <param index="0">
              <value>
                <![CDATA[restricted@user.com]]>
              </value>
            </param>
            <param index="1">
              <value>
                <![CDATA[09876]]>
              </value>
            </param>
            <param index="2">
              <value>
                <![CDATA[Restricted user]]>
              </value>
            </param>
          </params>
          <reporter-output>
          </reporter-output>
        </test-method> <!-- basePageNavigation -->
        <test-method status="PASS" signature="tearDown()[pri:0, instance:SaiAcademy.HomePageTest@5acf93bb]" name="tearDown" is-config="true" duration-ms="313" started-at="2020-09-12T18:38:23 CDT" finished-at="2020-09-12T18:38:23 CDT">
          <reporter-output>
          </reporter-output>
        </test-method> <!-- tearDown -->
      </class> <!-- SaiAcademy.HomePageTest -->
    </test> <!-- Validating Data Provider Attribute -->
  </suite> <!-- Suite -->
  <suite name="Suite (0)" duration-ms="29667" started-at="2020-09-12T18:38:23 CDT" finished-at="2020-09-12T18:38:53 CDT">
    <groups>
      <group name="cucumber">
        <method signature="AbstractTestNGCucumberTests.feature(cucumber.api.testng.CucumberFeatureWrapper)[pri:0, instance:cucumberOptions.TestRunner@4e07b95f]" name="feature" class="cucumber.api.testng.AbstractTestNGCucumberTests"/>
      </group> <!-- cucumber -->
    </groups>
    <test name="Validating Right Nav.Bar Test" duration-ms="29667" started-at="2020-09-12T18:38:23 CDT" finished-at="2020-09-12T18:38:53 CDT">
      <class name="cucumberOptions.TestRunner">
        <test-method status="PASS" signature="setUpClass()[pri:0, instance:cucumberOptions.TestRunner@4e07b95f]" name="setUpClass" is-config="true" duration-ms="529" started-at="2020-09-12T18:38:23 CDT" finished-at="2020-09-12T18:38:24 CDT">
          <reporter-output>
          </reporter-output>
        </test-method> <!-- setUpClass -->
        <test-method status="PASS" signature="feature(cucumber.api.testng.CucumberFeatureWrapper)[pri:0, instance:cucumberOptions.TestRunner@4e07b95f]" name="feature" duration-ms="28965" started-at="2020-09-12T18:38:24 CDT" description="Runs Cucumber Feature" data-provider="features" finished-at="2020-09-12T18:38:53 CDT">
          <params>
            <param index="0">
              <value>
                <![CDATA[Validate Login Functionality]]>
              </value>
            </param>
          </params>
          <reporter-output>
          </reporter-output>
        </test-method> <!-- feature -->
        <test-method status="PASS" signature="tearDownClass()[pri:0, instance:cucumberOptions.TestRunner@4e07b95f]" name="tearDownClass" is-config="true" duration-ms="5" started-at="2020-09-12T18:38:53 CDT" finished-at="2020-09-12T18:38:53 CDT">
          <reporter-output>
          </reporter-output>
        </test-method> <!-- tearDownClass -->
      </class> <!-- cucumberOptions.TestRunner -->
    </test> <!-- Validating Right Nav.Bar Test -->
  </suite> <!-- Suite (0) -->
</testng-results>
